/homes/01/axdahal/miniconda3/envs/torch/lib/python3.8/site-packages/torch/utils/data/dataloader.py:558: UserWarning: This DataLoader will create 4 worker processes in total. Our suggested max number of worker in current system is 1, which is smaller than what this DataLoader is going to create. Please be aware that excessive worker creation might get DataLoader running slow or even freeze, lower the worker number to avoid potential slowness/freeze if necessary.
  warnings.warn(_create_warning_msg(
Traceback (most recent call last):
  File "/homes/01/axdahal/miniconda3/envs/torch/lib/python3.8/site-packages/ptflops/pytorch_engine.py", line 64, in get_flops_pytorch
    _ = flops_model(batch)
  File "/homes/01/axdahal/miniconda3/envs/torch/lib/python3.8/site-packages/torch/nn/modules/module.py", line 1532, in _wrapped_call_impl
    return self._call_impl(*args, **kwargs)
  File "/homes/01/axdahal/miniconda3/envs/torch/lib/python3.8/site-packages/torch/nn/modules/module.py", line 1582, in _call_impl
    result = forward_call(*args, **kwargs)
  File "scripts/lenet_fast_kan_ablation.py", line 66, in forward
    return self.classifier(x)
  File "/homes/01/axdahal/miniconda3/envs/torch/lib/python3.8/site-packages/torch/nn/modules/module.py", line 1532, in _wrapped_call_impl
    return self._call_impl(*args, **kwargs)
  File "/homes/01/axdahal/miniconda3/envs/torch/lib/python3.8/site-packages/torch/nn/modules/module.py", line 1541, in _call_impl
    return forward_call(*args, **kwargs)
  File "/homes/01/axdahal/miniconda3/envs/torch/lib/python3.8/site-packages/torch/nn/modules/container.py", line 217, in forward
    input = module(input)
  File "/homes/01/axdahal/miniconda3/envs/torch/lib/python3.8/site-packages/torch/nn/modules/module.py", line 1532, in _wrapped_call_impl
    return self._call_impl(*args, **kwargs)
  File "/homes/01/axdahal/miniconda3/envs/torch/lib/python3.8/site-packages/torch/nn/modules/module.py", line 1582, in _call_impl
    result = forward_call(*args, **kwargs)
  File "/homes/01/axdahal/miniconda3/envs/torch/lib/python3.8/site-packages/torch/nn/modules/linear.py", line 116, in forward
    return F.linear(input, self.weight, self.bias)
RuntimeError: mat1 and mat2 shapes cannot be multiplied (1x400 and 256x120)
Traceback (most recent call last):
  File "scripts/lenet_fast_kan_ablation.py", line 273, in <module>
    main()
  File "scripts/lenet_fast_kan_ablation.py", line 188, in main
    flops = macs * 2    # ptflops returns MACs; FLOPs ≈ 2*MACs
TypeError: unsupported operand type(s) for *: 'NoneType' and 'int'
