W0116 14:47:47.296842 47940448546176 torch/distributed/run.py:757] 
W0116 14:47:47.296842 47940448546176 torch/distributed/run.py:757] *****************************************
W0116 14:47:47.296842 47940448546176 torch/distributed/run.py:757] Setting OMP_NUM_THREADS environment variable for each process to be 1 in default, to avoid your system being overloaded, please further tune the variable for optimal performance in your application as needed. 
W0116 14:47:47.296842 47940448546176 torch/distributed/run.py:757] *****************************************
/homes/01/axdahal/miniconda3/envs/torch/lib/python3.8/site-packages/albumentations/check_version.py:49: UserWarning: Error fetching version info <urlopen error [Errno -2] Name or service not known>
  data = fetch_version_info()
/homes/01/axdahal/miniconda3/envs/torch/lib/python3.8/site-packages/albumentations/check_version.py:49: UserWarning: Error fetching version info <urlopen error [Errno -2] Name or service not known>
  data = fetch_version_info()
/homes/01/axdahal/miniconda3/envs/torch/lib/python3.8/site-packages/albumentations/check_version.py:49: UserWarning: Error fetching version info <urlopen error [Errno -2] Name or service not known>
  data = fetch_version_info()
/homes/01/axdahal/miniconda3/envs/torch/lib/python3.8/site-packages/albumentations/check_version.py:49: UserWarning: Error fetching version info <urlopen error [Errno -2] Name or service not known>
  data = fetch_version_info()
[W Utils.hpp:166] Warning: Environment variable NCCL_BLOCKING_WAIT is deprecated; use TORCH_NCCL_BLOCKING_WAIT instead (function getCvarBool)
[W Utils.hpp:166] Warning: Environment variable NCCL_BLOCKING_WAIT is deprecated; use TORCH_NCCL_BLOCKING_WAIT instead (function getCvarBool)
[W Utils.hpp:166] Warning: Environment variable NCCL_BLOCKING_WAIT is deprecated; use TORCH_NCCL_BLOCKING_WAIT instead (function getCvarBool)
[W Utils.hpp:166] Warning: Environment variable NCCL_BLOCKING_WAIT is deprecated; use TORCH_NCCL_BLOCKING_WAIT instead (function getCvarBool)
[rank0]:[W Utils.hpp:108] Warning: Environment variable NCCL_BLOCKING_WAIT is deprecated; use TORCH_NCCL_BLOCKING_WAIT instead (function getCvarString)
[rank1]:[W Utils.hpp:108] Warning: Environment variable NCCL_BLOCKING_WAIT is deprecated; use TORCH_NCCL_BLOCKING_WAIT instead (function getCvarString)
[rank3]:[W Utils.hpp:108] Warning: Environment variable NCCL_BLOCKING_WAIT is deprecated; use TORCH_NCCL_BLOCKING_WAIT instead (function getCvarString)
[rank2]:[W Utils.hpp:108] Warning: Environment variable NCCL_BLOCKING_WAIT is deprecated; use TORCH_NCCL_BLOCKING_WAIT instead (function getCvarString)
slurmstepd: error: *** JOB 526839 ON gpu002 CANCELLED AT 2025-01-20T12:30:17 ***
slurmstepd: error: *** JOB 526863 STEPD TERMINATED ON gpu001 AT 2025-01-20T12:31:47 DUE TO JOB NOT ENDING WITH SIGNALS ***
